<?xml version="1.0" encoding="UTF-8"?>
<testng-results skipped="0" failed="0" ignored="0" total="1" passed="1">
  <reporter-output>
  </reporter-output>
  <suite name="Default suite" duration-ms="31985" started-at="2023-06-15T00:19:12 IST" finished-at="2023-06-15T00:19:44 IST">
    <groups>
    </groups>
    <test name="Default test" duration-ms="31985" started-at="2023-06-15T00:19:12 IST" finished-at="2023-06-15T00:19:44 IST">
      <class name="AssignmentPack.AssignmentSwaglab">
        <test-method status="PASS" signature="swaglab()[pri:0, instance:AssignmentPack.AssignmentSwaglab@50b494a6]" name="swaglab" duration-ms="31884" started-at="2023-06-15T00:19:13 IST" finished-at="2023-06-15T00:19:44 IST">
          <reporter-output>
          </reporter-output>
        </test-method> <!-- swaglab -->
      </class> <!-- AssignmentPack.AssignmentSwaglab -->
    </test> <!-- Default test -->
  </suite> <!-- Default suite -->
</testng-results>
